android/app/build/intermediates/manifest_merge_blame_file/release/manifest-merger-blame-release-report.txt
1<?xml version="1.0" encoding="utf-8"?>
2<manifest xmlns:android="http://schemas.android.com/apk/res/android"
3    package="com.carapp"
4    android:versionCode="1"
5    android:versionName="1.0" >
6
7    <uses-sdk
8        android:minSdkVersion="16"
8-->src\main\AndroidManifest.xml
9        android:targetSdkVersion="28" />
9-->src\main\AndroidManifest.xml
10
11    <uses-permission android:name="android.permission.INTERNET" />
11-->src\main\AndroidManifest.xml:4:5-67
11-->src\main\AndroidManifest.xml:4:22-64
12    <uses-permission android:name="android.permission.USE_FINGERPRINT" />
12-->src\main\AndroidManifest.xml:5:5-74
12-->src\main\AndroidManifest.xml:5:22-71
13    <uses-permission android:name="android.permission.CAMERA" />
13-->src\main\AndroidManifest.xml:6:5-65
13-->src\main\AndroidManifest.xml:6:22-62
14    <uses-permission android:name="android.permission.SYSTEM_ALERT_WINDOW" />
14-->src\main\AndroidManifest.xml:7:5-77
14-->src\main\AndroidManifest.xml:7:22-75
15    <uses-permission android:name="android.permission.WRITE_EXTERNAL_STORAGE" />
15-->src\main\AndroidManifest.xml:8:5-80
15-->src\main\AndroidManifest.xml:8:22-78
16    <uses-permission android:name="android.permission.READ_EXTERNAL_STORAGE" />
16-->src\main\AndroidManifest.xml:9:5-80
16-->src\main\AndroidManifest.xml:9:22-77
17    <uses-permission android:name="com.fingerprints.service.ACCESS_FINGERPRINT_MANAGER" />
17-->[:react-native-fingerprint-scanner] AndroidManifest.xml:12:5-91
17-->[:react-native-fingerprint-scanner] AndroidManifest.xml:12:22-88
18    <uses-permission android:name="com.samsung.android.providers.context.permission.WRITE_USE_APP_FEATURE_SURVEY" />
18-->[:react-native-fingerprint-scanner] AndroidManifest.xml:13:5-117
18-->[:react-native-fingerprint-scanner] AndroidManifest.xml:13:22-114
19
20    <uses-feature
20-->[:react-native-camera] AndroidManifest.xml:11:5-13:36
21        android:name="android.hardware.camera"
21-->[:react-native-camera] AndroidManifest.xml:12:9-47
22        android:required="false" />
22-->[:react-native-camera] AndroidManifest.xml:13:9-33
23    <uses-feature
23-->[:react-native-camera] AndroidManifest.xml:14:5-16:36
24        android:name="android.hardware.camera.autofocus"
24-->[:react-native-camera] AndroidManifest.xml:15:9-57
25        android:required="false" />
25-->[:react-native-camera] AndroidManifest.xml:16:9-33
26    <uses-feature
26-->[:react-native-biometrics] AndroidManifest.xml:11:5-13:36
27        android:name="android.hardware.fingerprint"
27-->[:react-native-biometrics] AndroidManifest.xml:12:9-52
28        android:required="false" />
28-->[:react-native-biometrics] AndroidManifest.xml:13:9-33
29
30    <application
30-->src\main\AndroidManifest.xml:11:5-30:19
31        android:name="com.carapp.MainApplication"
31-->src\main\AndroidManifest.xml:12:7-38
32        android:allowBackup="false"
32-->src\main\AndroidManifest.xml:16:7-34
33        android:appComponentFactory="androidx.core.app.CoreComponentFactory"
33-->[androidx.core:core:1.1.0-rc01] AndroidManifest.xml:24:18-86
34        android:icon="@mipmap/ic_launcher"
34-->src\main\AndroidManifest.xml:14:7-41
35        android:label="@string/app_name"
35-->src\main\AndroidManifest.xml:13:7-39
36        android:roundIcon="@mipmap/ic_launcher_round"
36-->src\main\AndroidManifest.xml:15:7-52
37        android:theme="@style/AppTheme" >
37-->src\main\AndroidManifest.xml:17:7-38
38        <activity
38-->src\main\AndroidManifest.xml:18:7-28:18
39            android:name="com.carapp.MainActivity"
39-->src\main\AndroidManifest.xml:19:9-37
40            android:configChanges="keyboard|keyboardHidden|orientation|screenSize"
40-->src\main\AndroidManifest.xml:21:9-79
41            android:label="@string/app_name"
41-->src\main\AndroidManifest.xml:20:9-41
42            android:windowSoftInputMode="adjustResize" >
42-->src\main\AndroidManifest.xml:22:9-51
43            <intent-filter>
43-->src\main\AndroidManifest.xml:23:9-27:25
44                <action android:name="android.intent.action.MAIN" />
44-->src\main\AndroidManifest.xml:24:13-65
44-->src\main\AndroidManifest.xml:24:21-62
45
46                <category android:name="android.intent.category.LAUNCHER" />
46-->src\main\AndroidManifest.xml:25:13-73
46-->src\main\AndroidManifest.xml:25:23-70
47
48                <action android:name="android.intent.action.DOWNLOAD_COMPLETE" />
48-->src\main\AndroidManifest.xml:26:13-77
48-->src\main\AndroidManifest.xml:26:21-75
49            </intent-filter>
50        </activity>
51        <activity android:name="com.facebook.react.devsupport.DevSettingsActivity" />
51-->src\main\AndroidManifest.xml:29:7-84
51-->src\main\AndroidManifest.xml:29:17-81
52
53        <provider
53-->[:react-native-image-picker] AndroidManifest.xml:10:9-18:20
54            android:name="com.imagepicker.FileProvider"
54-->[:react-native-image-picker] AndroidManifest.xml:11:13-56
55            android:authorities="com.carapp.provider"
55-->[:react-native-image-picker] AndroidManifest.xml:12:13-60
56            android:exported="false"
56-->[:react-native-image-picker] AndroidManifest.xml:13:13-37
57            android:grantUriPermissions="true" >
57-->[:react-native-image-picker] AndroidManifest.xml:14:13-47
58            <meta-data
58-->[:react-native-image-picker] AndroidManifest.xml:15:13-17:58
59                android:name="android.support.FILE_PROVIDER_PATHS"
59-->[:react-native-image-picker] AndroidManifest.xml:16:17-67
60                android:resource="@xml/provider_paths" />
60-->[:react-native-image-picker] AndroidManifest.xml:17:17-55
61        </provider>
62
63        <activity
63-->[com.google.firebase:firebase-auth:19.0.0] AndroidManifest.xml:24:9-31:50
64            android:name="com.google.firebase.auth.internal.FederatedSignInActivity"
64-->[com.google.firebase:firebase-auth:19.0.0] AndroidManifest.xml:25:13-85
65            android:excludeFromRecents="true"
65-->[com.google.firebase:firebase-auth:19.0.0] AndroidManifest.xml:26:13-46
66            android:exported="true"
66-->[com.google.firebase:firebase-auth:19.0.0] AndroidManifest.xml:27:13-36
67            android:launchMode="singleTask"
67-->[com.google.firebase:firebase-auth:19.0.0] AndroidManifest.xml:28:13-44
68            android:permission="com.google.firebase.auth.api.gms.permission.LAUNCH_FEDERATED_SIGN_IN"
68-->[com.google.firebase:firebase-auth:19.0.0] AndroidManifest.xml:29:13-102
69            android:theme="@android:style/Theme.Translucent.NoTitleBar" />
69-->[com.google.firebase:firebase-auth:19.0.0] AndroidManifest.xml:30:13-72
70
71        <service
71-->[com.google.firebase:firebase-auth:19.0.0] AndroidManifest.xml:33:9-39:19
72            android:name="com.google.firebase.components.ComponentDiscoveryService"
72-->[com.google.firebase:firebase-auth:19.0.0] AndroidManifest.xml:34:13-84
73            android:exported="false" >
73-->[com.google.firebase:firebase-auth:19.0.0] AndroidManifest.xml:35:13-37
74            <meta-data
74-->[com.google.firebase:firebase-auth:19.0.0] AndroidManifest.xml:36:13-38:85
75                android:name="com.google.firebase.components:com.google.firebase.auth.FirebaseAuthRegistrar"
75-->[com.google.firebase:firebase-auth:19.0.0] AndroidManifest.xml:37:17-109
76                android:value="com.google.firebase.components.ComponentRegistrar" />
76-->[com.google.firebase:firebase-auth:19.0.0] AndroidManifest.xml:38:17-82
77        </service>
78
79        <activity
79-->[com.google.android.gms:play-services-base:17.1.0] AndroidManifest.xml:23:9-26:75
80            android:name="com.google.android.gms.common.api.GoogleApiActivity"
80-->[com.google.android.gms:play-services-base:17.1.0] AndroidManifest.xml:24:13-79
81            android:exported="false"
81-->[com.google.android.gms:play-services-base:17.1.0] AndroidManifest.xml:25:13-37
82            android:theme="@android:style/Theme.Translucent.NoTitleBar" />
82-->[com.google.android.gms:play-services-base:17.1.0] AndroidManifest.xml:26:13-72
83
84        <provider
84-->[com.google.firebase:firebase-common:19.0.0] AndroidManifest.xml:12:9-16:39
85            android:name="com.google.firebase.provider.FirebaseInitProvider"
85-->[com.google.firebase:firebase-common:19.0.0] AndroidManifest.xml:13:13-77
86            android:authorities="com.carapp.firebaseinitprovider"
86-->[com.google.firebase:firebase-common:19.0.0] AndroidManifest.xml:14:13-72
87            android:exported="false"
87-->[com.google.firebase:firebase-common:19.0.0] AndroidManifest.xml:15:13-37
88            android:initOrder="100" />
88-->[com.google.firebase:firebase-common:19.0.0] AndroidManifest.xml:16:13-36
89
90        <meta-data
90-->[com.google.android.gms:play-services-basement:17.0.0] AndroidManifest.xml:23:9-25:69
91            android:name="com.google.android.gms.version"
91-->[com.google.android.gms:play-services-basement:17.0.0] AndroidManifest.xml:24:13-58
92            android:value="@integer/google_play_services_version" />
92-->[com.google.android.gms:play-services-basement:17.0.0] AndroidManifest.xml:25:13-66
93    </application>
94
95</manifest>